<?xml version="1.0" encoding="UTF-8"?>
<testsuite xmlns:xsi="http://www.w3.org/2001/XMLSchema-instance" xsi:noNamespaceSchemaLocation="https://maven.apache.org/surefire/maven-surefire-plugin/xsd/surefire-test-report.xsd" version="3.0.2" name="org.example.fieldreserve.FieldReserveApplicationTests" time="5.202" tests="1" errors="0" skipped="0" failures="0">
  <properties>
[...]
</properties>
  <testcase name="contextLoads" classname="org.example.fieldreserve.FieldReserveApplicationTests" time="1.516">
    <system-out><![CDATA[23:12:25.536 [main] INFO org.springframework.test.context.support.AnnotationConfigContextLoaderUtils -- Could not detect default configuration classes for test class [org.example.fieldreserve.FieldReserveApplicationTests]: FieldReserveApplicationTests does not declare any static, non-private, non-final, nested classes annotated with @Configuration.
23:12:25.776 [main] INFO org.springframework.boot.test.context.SpringBootTestContextBootstrapper -- Found @SpringBootConfiguration org.example.fieldreserve.FieldReserveApplication for test class org.example.fieldreserve.FieldReserveApplicationTests

  .   ____          _            __ _ _
 /\\ / ___'_ __ _ _(_)_ __  __ _ \ \ \ \
( ( )\___ | '_ | '_| | '_ \/ _` | \ \ \ \
 \\/  ___)| |_)| | | | | || (_| |  ) ) ) )
  '  |____| .__|_| |_|_| |_\__, | / / / /
 =========|_|==============|___/=/_/_/_/

 :: Spring Boot ::               (v3.5.10)

2026-03-15T23:12:26.750+04:00  INFO 17448 --- [FieldReserve] [           main] o.e.f.FieldReserveApplicationTests       : Starting FieldReserveApplicationTests using Java 23.0.2 with PID 17448 (started by Mohammed Adil 2 in C:\Users\Mohammed Adil 2\Desktop\NewDesktop\Spring2026\ISTE240.600-Web2\ISTE240.600-Team9\FieldReserve)
2026-03-15T23:12:26.755+04:00  INFO 17448 --- [FieldReserve] [           main] o.e.f.FieldReserveApplicationTests       : No active profile set, falling back to 1 default profile: "default"
2026-03-15T23:12:28.328+04:00  INFO 17448 --- [FieldReserve] [           main] o.s.b.a.w.s.WelcomePageHandlerMapping    : Adding welcome page: class path resource [static/index.html]
2026-03-15T23:12:28.847+04:00  INFO 17448 --- [FieldReserve] [           main] o.e.f.FieldReserveApplicationTests       : Started FieldReserveApplicationTests in 2.7 seconds (process running for 5.313)
]]></system-out>
    <system-err><![CDATA[Mockito is currently self-attaching to enable the inline-mock-maker. This will no longer work in future releases of the JDK. Please add Mockito as an agent to your build as described in Mockito's documentation: https://javadoc.io/doc/org.mockito/mockito-core/latest/org.mockito/org/mockito/Mockito.html#0.3
WARNING: A Java agent has been loaded dynamically (C:\Users\Mohammed Adil 2\.m2\repository\net\bytebuddy\byte-buddy-agent\1.17.8\byte-buddy-agent-1.17.8.jar)
WARNING: If a serviceability tool is in use, please run with -XX:+EnableDynamicAgentLoading to hide this warning
WARNING: If a serviceability tool is not in use, please run with -Djdk.instrument.traceUsage for more information
WARNING: Dynamic loading of agents will be disallowed by default in a future release
]]></system-err>
  </testcase>
</testsuite>